[2023-01-17 20:08:38,649] INFO Shutting down the log cleaner. (kafka.log.LogCleaner)
[2023-01-17 20:08:38,650] INFO [kafka-log-cleaner-thread-0]: Shutting down (kafka.log.LogCleaner)
[2023-01-17 20:08:38,650] INFO [kafka-log-cleaner-thread-0]: Stopped (kafka.log.LogCleaner)
[2023-01-17 20:08:38,650] INFO [kafka-log-cleaner-thread-0]: Shutdown completed (kafka.log.LogCleaner)
[2023-01-17 20:08:56,088] INFO Starting the log cleaner (kafka.log.LogCleaner)
[2023-01-17 20:08:56,140] INFO [kafka-log-cleaner-thread-0]: Starting (kafka.log.LogCleaner)
[2023-01-17 20:17:42,738] INFO Shutting down the log cleaner. (kafka.log.LogCleaner)
[2023-01-17 20:17:42,738] INFO [kafka-log-cleaner-thread-0]: Shutting down (kafka.log.LogCleaner)
[2023-01-17 20:17:42,739] INFO [kafka-log-cleaner-thread-0]: Stopped (kafka.log.LogCleaner)
[2023-01-17 20:17:42,739] INFO [kafka-log-cleaner-thread-0]: Shutdown completed (kafka.log.LogCleaner)
[2023-01-17 20:20:33,270] INFO Starting the log cleaner (kafka.log.LogCleaner)
[2023-01-17 20:20:33,313] INFO [kafka-log-cleaner-thread-0]: Starting (kafka.log.LogCleaner)
[2023-01-17 20:22:59,605] INFO Shutting down the log cleaner. (kafka.log.LogCleaner)
[2023-01-17 20:22:59,606] INFO [kafka-log-cleaner-thread-0]: Shutting down (kafka.log.LogCleaner)
[2023-01-17 20:22:59,606] INFO [kafka-log-cleaner-thread-0]: Stopped (kafka.log.LogCleaner)
[2023-01-17 20:22:59,606] INFO [kafka-log-cleaner-thread-0]: Shutdown completed (kafka.log.LogCleaner)
[2023-01-17 20:29:06,255] INFO Starting the log cleaner (kafka.log.LogCleaner)
[2023-01-17 20:29:06,297] INFO [kafka-log-cleaner-thread-0]: Starting (kafka.log.LogCleaner)
[2023-01-17 20:32:05,654] INFO Shutting down the log cleaner. (kafka.log.LogCleaner)
[2023-01-17 20:32:05,654] INFO [kafka-log-cleaner-thread-0]: Shutting down (kafka.log.LogCleaner)
[2023-01-17 20:32:05,654] INFO [kafka-log-cleaner-thread-0]: Stopped (kafka.log.LogCleaner)
[2023-01-17 20:32:05,654] INFO [kafka-log-cleaner-thread-0]: Shutdown completed (kafka.log.LogCleaner)
[2023-01-17 20:32:13,691] INFO Starting the log cleaner (kafka.log.LogCleaner)
[2023-01-17 20:32:13,741] INFO [kafka-log-cleaner-thread-0]: Starting (kafka.log.LogCleaner)
[2023-01-17 20:33:42,412] INFO Shutting down the log cleaner. (kafka.log.LogCleaner)
[2023-01-17 20:33:42,412] INFO [kafka-log-cleaner-thread-0]: Shutting down (kafka.log.LogCleaner)
[2023-01-17 20:33:42,412] INFO [kafka-log-cleaner-thread-0]: Stopped (kafka.log.LogCleaner)
[2023-01-17 20:33:42,412] INFO [kafka-log-cleaner-thread-0]: Shutdown completed (kafka.log.LogCleaner)
